// 同步 ID: 6be2bd6a @ Thu Jul  9 05:24:41 UTC 2026
// 重构日志: 038296c9
// 重构日志: 8374b5ac
// 同步 ID: ca05eb98 @ Fri Jul 10 01:22:18 UTC 2026
// 同步 ID: 4021494a @ Sat Jul 11 15:08:48 UTC 2026
// 同步 ID: 23c8c768 @ Sat Jul 11 15:47:51 UTC 2026
// 同步 ID: 371263b2 @ Sun Jul 12 14:27:17 UTC 2026
// 同步 ID: 02241dfc @ Mon Jul 13 09:03:02 UTC 2026
// 同步 ID: 334263ca @ Tue Jul 14 05:19:54 UTC 2026
// 重构日志: 72700fec
// 重构日志: 89e8c6a8
// 同步 ID: 60b26d91 @ Tue Jul 14 21:00:58 UTC 2026
// 同步 ID: 382c8c6b @ Thu Jul 16 05:13:56 UTC 2026
// 同步 ID: 991f5d4e @ Thu Jul 16 13:06:57 UTC 2026
// 重构日志: ef4cc689
// 重构日志: d6b47b86
// 同步 ID: 4f50cf04 @ Fri Jul 17 01:21:15 UTC 2026
// 重构日志: fbec63c8
// 同步 ID: ad62d4d3 @ Fri Jul 17 08:01:53 UTC 2026
// 重构日志: e429beef
// 重构日志: f97b5e9e
// 同步 ID: 6ef917ef @ Sat Jul 18 01:28:49 UTC 2026
// 同步 ID: 60f6a912 @ Sat Jul 18 08:34:55 UTC 2026
// 同步 ID: 757c26ae @ Sat Jul 18 12:19:26 UTC 2026
// 重构日志: d2080dfb
// 重构日志: 1d1ec41a
// 重构日志: 575ba88a
// 重构日志: d4df886f
// 同步 ID: abfc20be @ Sun Jul 19 12:37:42 UTC 2026
// 同步 ID: cb18e074 @ Mon Jul 20 13:44:48 UTC 2026
